info it worked if it ends with ok
verbose cli [ 'node', '/usr/local/bin/npm', 'install', '-g', 'coffee-script' ]
info using npm@1.1.9
info using node@v0.6.13
verbose config file /Users/ash/.npmrc
verbose config file /usr/local/etc/npmrc
verbose config file /usr/local/Cellar/node/0.8.8/lib/node_modules/npm/npmrc
verbose cache add [ 'coffee-script', null ]
silly cache add: name, spec, args [ undefined, 'coffee-script', [ 'coffee-script', null ] ]
verbose parsed url { pathname: 'coffee-script',
verbose parsed url   path: 'coffee-script',
verbose parsed url   href: 'coffee-script' }
verbose addNamed [ 'coffee-script', '' ]
verbose addNamed [ null, '' ]
silly name, range, hasData [ 'coffee-script', '', false ]
verbose raw, before any munging coffee-script
verbose url resolving [ 'https://registry.npmjs.org/', './coffee-script' ]
verbose url resolved https://registry.npmjs.org/coffee-script
verbose etag "EA1ZFI3UENAOJYFXH3C1M3LCX"
http GET https://registry.npmjs.org/coffee-script
http 304 https://registry.npmjs.org/coffee-script
silly get cb [ 304,
silly get cb   { server: 'CouchDB/1.2.0 (Erlang OTP/R15B)',
silly get cb     etag: '"EA1ZFI3UENAOJYFXH3C1M3LCX"',
silly get cb     date: 'Wed, 05 Sep 2012 22:39:32 GMT',
silly get cb     'content-length': '0' } ]
verbose etag coffee-script from cache
silly name, range, hasData 2 [ 'coffee-script', '', true ]
silly versions [ 'coffee-script',
silly versions   [ '0.7.0',
silly versions     '0.7.1',
silly versions     '0.7.2',
silly versions     '0.9.0',
silly versions     '0.9.1',
silly versions     '0.9.2',
silly versions     '0.9.3',
silly versions     '0.9.4',
silly versions     '0.9.5',
silly versions     '0.9.6',
silly versions     '1.0.0',
silly versions     '1.0.1',
silly versions     '1.1.0',
silly versions     '1.1.1',
silly versions     '1.1.2',
silly versions     '1.1.3',
silly versions     '1.2.0',
silly versions     '1.3.0',
silly versions     '1.3.1',
silly versions     '1.3.2',
silly versions     '1.3.3' ] ]
verbose bin dist [ '0.6-ares1.7.5-DEV-evundefined-openssl0.9.8r-v83.6.6.24-darwin-x64-12.1.0',
verbose bin dist   { shasum: '150d6b4cb522894369efed6a2101c20bc7f4a4f4',
verbose bin dist     tarball: 'http://registry.npmjs.org/coffee-script/-/coffee-script-1.3.3.tgz' } ]
verbose caching /Users/ash/.npm/coffee-script/1.3.3/package/package.json
verbose loadDefaults coffee-script@1.3.3
silly resolved [ { name: 'coffee-script',
silly resolved     description: 'Unfancy JavaScript',
silly resolved     keywords: [ 'javascript', 'language', 'coffeescript', 'compiler' ],
silly resolved     author: { name: 'Jeremy Ashkenas' },
silly resolved     version: '1.3.3',
silly resolved     licenses: 
silly resolved      [ { type: 'MIT',
silly resolved          url: 'https://raw.github.com/jashkenas/coffee-script/master/LICENSE' } ],
silly resolved     engines: { node: '>=0.4.0' },
silly resolved     directories: { lib: './lib/coffee-script' },
silly resolved     main: './lib/coffee-script/coffee-script',
silly resolved     bin: { coffee: './bin/coffee', cake: './bin/cake' },
silly resolved     homepage: 'http://coffeescript.org',
silly resolved     bugs: { name: 'https://github.com/jashkenas/coffee-script/issues' },
silly resolved     repository: 
silly resolved      { type: 'git',
silly resolved        url: 'git://github.com/jashkenas/coffee-script.git' },
silly resolved     devDependencies: { 'uglify-js': '>=1.0.0', jison: '>=0.2.0' },
silly resolved     _id: 'coffee-script@1.3.3',
silly resolved     dependencies: {},
silly resolved     optionalDependencies: {},
silly resolved     _engineSupported: true,
silly resolved     _npmVersion: '1.1.9',
silly resolved     _nodeVersion: 'v0.6.13',
silly resolved     _defaultsLoaded: true,
silly resolved     _from: 'coffee-script' } ]
info into /usr/local/share/npm/lib coffee-script@1.3.3
info installOne coffee-script@1.3.3
verbose from cache /Users/ash/.npm/coffee-script/1.3.3/package/package.json
info unbuild /usr/local/share/npm/lib/node_modules/coffee-script
verbose caching /usr/local/share/npm/lib/node_modules/coffee-script/package.json
ERR! TypeError: Cannot call method 'forEach' of undefined
ERR!     at makeEnv (/usr/local/Cellar/node/0.8.8/lib/node_modules/npm/lib/utils/lifecycle.js:250:8)
ERR!     at /usr/local/Cellar/node/0.8.8/lib/node_modules/npm/lib/utils/lifecycle.js:49:15
ERR!     at Object.oncomplete (/usr/local/Cellar/node/0.8.8/lib/node_modules/npm/lib/utils/lifecycle.js:124:12)
ERR! You may report this log at:
ERR!     <http://github.com/isaacs/npm/issues>
ERR! or email it to:
ERR!     <npm-@googlegroups.com>
ERR! 
ERR! System Darwin 12.1.0
ERR! command "node" "/usr/local/bin/npm" "install" "-g" "coffee-script"
ERR! cwd /Users/ash/Personal/babushka-deps
ERR! node -v v0.6.13
ERR! npm -v 1.1.9
ERR! type non_object_property_call
ERR! arguments [ 'forEach', undefined ]
ERR! message Cannot call method 'forEach' of undefined
verbose exit [ 1, true ]
